TN:
SF:app.js
FN:27,(anonymous_0)
FN:34,(anonymous_1)
FNF:2
FNH:0
FNDA:0,(anonymous_0)
FNDA:0,(anonymous_1)
DA:1,1
DA:2,1
DA:3,1
DA:4,1
DA:6,1
DA:9,1
DA:12,1
DA:13,1
DA:16,1
DA:18,0
DA:22,1
DA:27,1
DA:28,0
DA:29,0
DA:30,0
DA:34,1
DA:35,0
DA:36,0
DA:39,0
DA:53,1
LF:20
LH:13
BRDA:16,0,0,0
BRDA:16,0,1,1
BRDA:35,1,0,0
BRDA:35,1,1,0
BRDA:39,2,0,0
BRDA:39,2,1,0
BRF:6
BRH:1
end_of_record
TN:
SF:db/database.js
FN:7,getDb
FNF:1
FNH:1
FNDA:19,getDb
DA:1,1
DA:2,1
DA:3,1
DA:6,1
DA:8,19
DA:11,19
DA:12,19
DA:15,19
DA:19,19
DA:20,19
DA:22,19
DA:29,1
LF:12
LH:12
BRDA:11,0,0,19
BRDA:11,0,1,0
BRF:2
BRH:1
end_of_record
TN:
SF:routes/documents.js
FN:7,(anonymous_0)
FN:16,(anonymous_1)
FN:37,(anonymous_2)
FN:56,(anonymous_3)
FNF:4
FNH:4
FNDA:1,(anonymous_0)
FNDA:3,(anonymous_1)
FNDA:4,(anonymous_2)
FNDA:5,(anonymous_3)
DA:1,1
DA:2,1
DA:3,1
DA:4,1
DA:7,1
DA:8,1
DA:9,1
DA:10,1
DA:12,1
DA:16,1
DA:18,3
DA:19,3
DA:21,1
DA:22,1
DA:24,2
DA:25,2
DA:26,2
DA:28,2
DA:29,1
DA:30,1
DA:33,1
DA:37,1
DA:38,4
DA:39,3
DA:40,3
DA:43,1
DA:44,1
DA:50,1
DA:52,1
DA:56,1
DA:57,5
DA:58,2
DA:59,2
DA:64,3
DA:65,3
DA:67,1
DA:68,1
DA:71,2
DA:72,2
DA:81,2
DA:83,2
DA:84,1
DA:85,1
DA:88,1
DA:96,1
LF:45
LH:45
BRDA:28,0,0,1
BRDA:28,0,1,1
BRDA:38,1,0,3
BRDA:38,1,1,1
BRDA:38,2,0,4
BRDA:38,2,1,2
BRDA:57,3,0,2
BRDA:57,3,1,3
BRDA:57,4,0,5
BRDA:57,4,1,4
BRDA:57,4,2,3
BRDA:83,5,0,1
BRDA:83,5,1,1
BRF:13
BRH:13
end_of_record
