TN:
SF:app.js
FN:27,(anonymous_0)
FN:35,(anonymous_1)
FNF:2
FNH:0
FNDA:0,(anonymous_0)
FNDA:0,(anonymous_1)
DA:1,1
DA:2,1
DA:3,1
DA:4,1
DA:6,1
DA:9,1
DA:12,1
DA:13,1
DA:16,1
DA:18,0
DA:22,1
DA:27,1
DA:28,0
DA:30,0
DA:31,0
DA:35,1
DA:36,0
DA:37,0
DA:40,0
DA:54,1
LF:20
LH:13
BRDA:16,0,0,0
BRDA:16,0,1,1
BRDA:36,1,0,0
BRDA:36,1,1,0
BRDA:40,2,0,0
BRDA:40,2,1,0
BRF:6
BRH:1
end_of_record
TN:
SF:db/database.js
FN:7,getDb
FNF:1
FNH:1
FNDA:19,getDb
DA:1,1
DA:2,1
DA:3,1
DA:4,1
DA:6,1
DA:8,19
DA:12,19
DA:13,19
DA:16,19
DA:20,19
DA:21,19
DA:23,19
DA:30,1
LF:13
LH:13
BRDA:3,0,0,1
BRDA:3,0,1,0
BRDA:12,1,0,19
BRDA:12,1,1,0
BRF:4
BRH:2
end_of_record
TN:
SF:routes/documents.js
FN:7,(anonymous_0)
FN:17,(anonymous_1)
FN:40,(anonymous_2)
FN:61,(anonymous_3)
FNF:4
FNH:4
FNDA:1,(anonymous_0)
FNDA:3,(anonymous_1)
FNDA:4,(anonymous_2)
FNDA:5,(anonymous_3)
DA:1,1
DA:2,1
DA:3,1
DA:4,1
DA:7,1
DA:8,1
DA:9,1
DA:11,1
DA:13,1
DA:17,1
DA:20,3
DA:21,3
DA:23,1
DA:24,1
DA:26,2
DA:27,2
DA:29,2
DA:31,2
DA:32,1
DA:33,1
DA:36,1
DA:40,1
DA:42,4
DA:43,3
DA:44,3
DA:47,1
DA:48,1
DA:55,1
DA:57,1
DA:61,1
DA:62,5
DA:63,2
DA:64,2
DA:69,3
DA:70,3
DA:72,1
DA:73,1
DA:76,2
DA:77,2
DA:87,2
DA:89,2
DA:90,1
DA:91,1
DA:94,1
DA:102,1
LF:45
LH:45
BRDA:31,0,0,1
BRDA:31,0,1,1
BRDA:42,1,0,3
BRDA:42,1,1,1
BRDA:42,2,0,4
BRDA:42,2,1,2
BRDA:62,3,0,2
BRDA:62,3,1,3
BRDA:62,4,0,5
BRDA:62,4,1,4
BRDA:62,4,2,3
BRDA:89,5,0,1
BRDA:89,5,1,1
BRF:13
BRH:13
end_of_record
